<?xml version="1.0" encoding="UTF-8"?>
<!-- Generated by org.testng.reporters.JUnitReportReporter -->
<testsuite hostname="ip-172-31-19-48" failures="0" tests="1" name="restassured.Api_booked_list" time="1.894" errors="0" timestamp="2023-07-21T11:25:05 UTC" skipped="0">
  <testcase classname="restassured.Api_booked_list" name="Flyawaya1" time="1.894"/>
</testsuite> <!-- restassured.Api_booked_list -->
