<?xml version="1.0" encoding="UTF-8"?>
<!-- Generated by org.testng.reporters.JUnitReportReporter -->
<testsuite hostname="ip-172-31-19-48" failures="0" tests="1" name="restassured.Test1" time="1.568" errors="0" timestamp="2023-07-21T11:34:54 UTC" skipped="0">
  <testcase classname="restassured.Test1" name="Flyawaya1" time="1.568"/>
</testsuite> <!-- restassured.Test1 -->
