<?xml version="1.0" encoding="UTF-8"?>
<!-- Generated by org.testng.reporters.JUnitReportReporter -->
<testsuite hostname="ip-172-31-19-48" failures="0" tests="1" name="restassured.API_test" time="3.980" errors="0" timestamp="2023-07-21T11:27:42 UTC" skipped="0">
  <testcase classname="restassured.API_test" name="Flyawaya" time="3.980"/>
</testsuite> <!-- restassured.API_test -->
