<?xml version="1.0" encoding="UTF-8"?>
<!-- Generated by org.testng.reporters.JUnitReportReporter -->
<testsuite hostname="ip-172-31-19-48" failures="0" tests="1" name="pomtest.Home_page_test" time="48.440" errors="0" timestamp="2023-07-21T11:22:33 UTC" skipped="0">
  <testcase classname="pomtest.Home_page_test" name="login_page" time="48.440"/>
</testsuite> <!-- pomtest.Home_page_test -->
