<?xml version="1.0" encoding="UTF-8"?>
<!-- Generated by org.testng.reporters.JUnitReportReporter -->
<testsuite hostname="ip-172-31-19-48" failures="0" tests="1" name="restassured.Bookings" time="1.994" errors="0" timestamp="2023-07-21T11:29:00 UTC" skipped="0">
  <testcase classname="restassured.Bookings" name="Flyawaya" time="1.994"/>
</testsuite> <!-- restassured.Bookings -->
