<?xml version="1.0" encoding="UTF-8"?>
<!-- Generated by org.testng.reporters.JUnitReportReporter -->
<testsuite hostname="ip-172-31-19-48" failures="0" tests="1" name="restassured.list_flight" time="2.503" errors="0" timestamp="2023-07-21T13:02:09 UTC" skipped="0">
  <testcase classname="restassured.list_flight" name="Flyawaya" time="2.503"/>
</testsuite> <!-- restassured.list_flight -->
