<?xml version="1.0" encoding="UTF-8"?>
<!-- Generated by org.testng.reporters.JUnitReportReporter -->
<testsuite hostname="ip-172-31-19-48" failures="0" tests="1" name="restassured.Bokked" time="4.092" errors="0" timestamp="2023-07-21T13:05:41 UTC" skipped="0">
  <testcase classname="restassured.Bokked" name="Flyawaya1" time="4.092"/>
</testsuite> <!-- restassured.Bokked -->
