<?xml version="1.0" encoding="UTF-8"?>
<!-- Generated by org.testng.reporters.JUnitReportReporter -->
<testsuite hostname="ip-172-31-19-48" failures="0" tests="1" name="pom.Home_page" time="5.392" errors="0" timestamp="2023-07-16T09:50:15 UTC" skipped="0">
  <testcase classname="pom.Home_page" name="login_page" time="5.392"/>
</testsuite> <!-- pom.Home_page -->
